{"name": "test_answer", "status": "failed", "statusDetails": {"message": "AssertionError: assert 0", "trace": "cmdopt = 'type1'\n\n    def test_answer(cmdopt):\n        if cmdopt == \"type1\":\n            print(\"first\")\n        elif cmdopt == \"type2\":\n            print(\"second\")\n>       assert 0  # to see what was printed\nE       assert 0\n\ntest_demo16.py:12: AssertionError"}, "start": 1615054278889, "stop": 1615054278889, "uuid": "e93e58dc-1053-4464-b2a3-2f3d7173824f", "historyId": "b65f35aae31ca3de5c7e54f7c32b001b", "fullName": "test_demo16#test_answer", "labels": [{"name": "parentSuite"}, {"name": "suite", "value": "test_demo16"}, {"name": "subSuite"}, {"name": "host", "value": "LHL"}, {"name": "thread", "value": "22228-MainThread"}, {"name": "framework", "value": "pytest"}, {"name": "language", "value": "cpython3"}, {"name": "package", "value": "test_demo16"}]}