{"name": "test_eval[6 * 9-42]", "status": "skipped", "statusDetails": {"message": "AssertionError: assert 54 == 42\n +  where 54 = eval('6 * 9')", "trace": "self = <test_demo6.TestClass1 object at 0x03F54AF0>, test_input = '6 * 9'\nexpected = 42\n\n    @pytest.mark.parametrize(\"test_input,expected\",\n                             [(\"3+5\", 8),\n                              (\"2+4\", 6),\n                              pytest.param(\"6 * 9\", 42,marks=pytest.mark.xfail)\n                              ])\n    def test_eval(self,test_input, expected):\n>       assert eval(test_input) == expected\nE       AssertionError: assert 54 == 42\nE        +  where 54 = eval('6 * 9')\n\ntest_demo6.py:35: AssertionError"}, "parameters": [{"name": "test_input", "value": "'6 * 9'"}, {"name": "expected", "value": "42"}], "start": 1615054278998, "stop": 1615054278999, "uuid": "eb5a64a6-9a12-411f-b186-7939310dc9f8", "historyId": "86abec2b1f22584636a60ef2a4b01f00", "fullName": "test_demo6.TestClass1#test_eval[6 * 9-42]", "labels": [{"name": "tag", "value": "xfail"}, {"name": "parentSuite"}, {"name": "suite", "value": "test_demo6"}, {"name": "subSuite", "value": "TestClass1"}, {"name": "host", "value": "LHL"}, {"name": "thread", "value": "22228-MainThread"}, {"name": "framework", "value": "pytest"}, {"name": "language", "value": "cpython3"}, {"name": "package", "value": "test_demo6"}]}